Reading netlist file: "C:\Users\Vincent\Documents\fpga_led_btn\impl\gwsynthesis\fpga_led_btn.vg"
Parsing netlist file "C:\Users\Vincent\Documents\fpga_led_btn\impl\gwsynthesis\fpga_led_btn.vg" completed
Processing netlist completed
Physical Constraint parsed completed
Running placement......
[10%] Placement Phase 0 completed
[20%] Placement Phase 1 completed
[30%] Placement Phase 2 completed
[50%] Placement Phase 3 completed
Running routing......
[60%] Routing Phase 0 completed
[70%] Routing Phase 1 completed
[80%] Routing Phase 2 completed
[90%] Routing Phase 3 completed
Placement and routing completed
Running timing analysis......
[95%] Timing analysis completed
Bitstream generation in progress......
Bitstream generation completed
Running power analysis......
[100%] Power analysis completed
Generate file "C:\Users\Vincent\Documents\fpga_led_btn\impl\pnr\fpga_led_btn.power.html" completed
Generate file "C:\Users\Vincent\Documents\fpga_led_btn\impl\pnr\fpga_led_btn.pin.html" completed
Generate file "C:\Users\Vincent\Documents\fpga_led_btn\impl\pnr\fpga_led_btn.rpt.html" completed
Generate file "C:\Users\Vincent\Documents\fpga_led_btn\impl\pnr\fpga_led_btn.rpt.txt" completed
Generate file "C:\Users\Vincent\Documents\fpga_led_btn\impl\pnr\fpga_led_btn.tr.html" completed
Sat Aug 01 21:40:05 2020

